Modul Praktikum 8/praktikum8/app/build/intermediates/manifest_merge_blame_file/debug/manifest-merger-blame-debug-report.txt
1<?xml version="1.0" encoding="utf-8"?>
2<manifest xmlns:android="http://schemas.android.com/apk/res/android"
3    package="com.zarkasihakhmad_18102217.praktikum8"
4    android:versionCode="1"
5    android:versionName="1.0" >
6
7    <uses-sdk
8        android:minSdkVersion="21"
8-->src\main\AndroidManifest.xml
9        android:targetSdkVersion="30" />
9-->src\main\AndroidManifest.xml
10
11    <uses-permission android:name="android.permission.RECEIVE_SMS" />
11-->src\main\AndroidManifest.xml:5:5-70
11-->src\main\AndroidManifest.xml:5:22-67
12    <uses-permission android:name="android.permission.READ_SMS" />
12-->src\main\AndroidManifest.xml:6:5-67
12-->src\main\AndroidManifest.xml:6:22-64
13
14    <application
14-->src\main\AndroidManifest.xml:8:5-36:19
15        android:allowBackup="true"
15-->src\main\AndroidManifest.xml:9:9-35
16        android:appComponentFactory="androidx.core.app.CoreComponentFactory"
16-->[androidx.core:core:1.3.2] AndroidManifest.xml:24:18-86
17        android:debuggable="true"
18        android:icon="@mipmap/ic_launcher"
18-->src\main\AndroidManifest.xml:10:9-43
19        android:label="@string/app_name"
19-->src\main\AndroidManifest.xml:11:9-41
20        android:roundIcon="@mipmap/ic_launcher_round"
20-->src\main\AndroidManifest.xml:12:9-54
21        android:supportsRtl="true"
21-->src\main\AndroidManifest.xml:13:9-35
22        android:testOnly="true"
23        android:theme="@style/AppTheme" >
23-->src\main\AndroidManifest.xml:14:9-40
24        <activity
24-->src\main\AndroidManifest.xml:15:9-18:20
25            android:name="com.zarkasihakhmad_18102217.praktikum8.SmsReceiverActivity"
25-->src\main\AndroidManifest.xml:16:13-48
26            android:theme="@style/SmsReceiverTheme" >
26-->src\main\AndroidManifest.xml:17:13-52
27        </activity>
28
29        <receiver
29-->src\main\AndroidManifest.xml:20:9-27:20
30            android:name="com.zarkasihakhmad_18102217.praktikum8.SmsReceiver"
30-->src\main\AndroidManifest.xml:21:13-40
31            android:enabled="true"
31-->src\main\AndroidManifest.xml:22:13-35
32            android:exported="true" >
32-->src\main\AndroidManifest.xml:23:13-36
33            <intent-filter>
33-->src\main\AndroidManifest.xml:24:13-26:29
34                <action android:name="android.provider.Telephony.SMS_RECEIVED" />
34-->src\main\AndroidManifest.xml:25:17-82
34-->src\main\AndroidManifest.xml:25:25-79
35            </intent-filter>
36        </receiver>
37
38        <activity android:name="com.zarkasihakhmad_18102217.praktikum8.MainActivity" >
38-->src\main\AndroidManifest.xml:29:9-35:20
38-->src\main\AndroidManifest.xml:29:19-47
39            <intent-filter>
39-->src\main\AndroidManifest.xml:30:13-34:29
40                <action android:name="android.intent.action.MAIN" />
40-->src\main\AndroidManifest.xml:31:17-69
40-->src\main\AndroidManifest.xml:31:25-66
41
42                <category android:name="android.intent.category.LAUNCHER" />
42-->src\main\AndroidManifest.xml:33:17-77
42-->src\main\AndroidManifest.xml:33:27-74
43            </intent-filter>
44        </activity>
45    </application>
46
47</manifest>